2024-12-12 02:29:07 [background-preinit] INFO  org.hibernate.validator.internal.util.Version - HV000001: Hibernate Validator 8.0.1.Final
2024-12-12 02:29:07 [restartedMain] INFO  org.thamindu.realtimeticketing.RealtimeTicketingApplication - Starting RealtimeTicketingApplication using Java 21.0.5 with PID 21472 (D:\IIT\OOP_Coursework\Coursework\RealtimeTicketing\target\classes started by User in D:\IIT\OOP_Coursework\Coursework\RealtimeTicketing)
2024-12-12 02:29:07 [restartedMain] INFO  org.thamindu.realtimeticketing.RealtimeTicketingApplication - No active profile set, falling back to 1 default profile: "default"
2024-12-12 02:29:08 [restartedMain] INFO  org.springframework.boot.devtools.env.DevToolsPropertyDefaultsPostProcessor - Devtools property defaults active! Set 'spring.devtools.add-properties' to 'false' to disable
2024-12-12 02:29:08 [restartedMain] INFO  org.springframework.boot.devtools.env.DevToolsPropertyDefaultsPostProcessor - For additional web related logging consider setting the 'logging.level.web' property to 'DEBUG'
2024-12-12 02:29:08 [restartedMain] WARN  org.springframework.context.support.PostProcessorRegistrationDelegate$BeanPostProcessorChecker - Bean 'org.springframework.ws.config.annotation.DelegatingWsConfiguration' of type [org.springframework.ws.config.annotation.DelegatingWsConfiguration$$SpringCGLIB$$0] is not eligible for getting processed by all BeanPostProcessors (for example: not eligible for auto-proxying). The currently created BeanPostProcessor [annotationActionEndpointMapping] is declared through a non-static factory method on that class; consider declaring it as static instead.
2024-12-12 02:29:08 [restartedMain] INFO  org.springframework.ws.soap.addressing.server.AnnotationActionEndpointMapping - Supporting [WS-Addressing August 2004, WS-Addressing 1.0]
2024-12-12 02:29:08 [restartedMain] INFO  org.springframework.boot.web.embedded.tomcat.TomcatWebServer - Tomcat initialized with port 8080 (http)
2024-12-12 02:29:08 [restartedMain] INFO  org.springframework.boot.web.servlet.context.ServletWebServerApplicationContext - Root WebApplicationContext: initialization completed in 630 ms
2024-12-12 02:29:08 [restartedMain] INFO  org.thamindu.realtimeticketing.model.TicketPool - TicketPool instance created
2024-12-12 02:29:08 [restartedMain] INFO  org.quartz.impl.StdSchedulerFactory - Using default implementation for ThreadExecutor
2024-12-12 02:29:08 [restartedMain] INFO  org.quartz.core.SchedulerSignalerImpl - Initialized Scheduler Signaller of type: class org.quartz.core.SchedulerSignalerImpl
2024-12-12 02:29:08 [restartedMain] INFO  org.quartz.core.QuartzScheduler - Quartz Scheduler v.2.3.2 created.
2024-12-12 02:29:08 [restartedMain] INFO  org.quartz.simpl.RAMJobStore - RAMJobStore initialized.
2024-12-12 02:29:08 [restartedMain] INFO  org.quartz.core.QuartzScheduler - Scheduler meta-data: Quartz Scheduler (v2.3.2) 'quartzScheduler' with instanceId 'NON_CLUSTERED'
  Scheduler class: 'org.quartz.core.QuartzScheduler' - running locally.
  NOT STARTED.
  Currently in standby mode.
  Number of jobs executed: 0
  Using thread pool 'org.quartz.simpl.SimpleThreadPool' - with 10 threads.
  Using job-store 'org.quartz.simpl.RAMJobStore' - which does not support persistence. and is not clustered.

2024-12-12 02:29:08 [restartedMain] INFO  org.quartz.impl.StdSchedulerFactory - Quartz scheduler 'quartzScheduler' initialized from an externally provided properties instance.
2024-12-12 02:29:08 [restartedMain] INFO  org.quartz.impl.StdSchedulerFactory - Quartz scheduler version: 2.3.2
2024-12-12 02:29:08 [restartedMain] INFO  org.quartz.core.QuartzScheduler - JobFactory set to: org.springframework.scheduling.quartz.SpringBeanJobFactory@5eb2fb02
2024-12-12 02:29:08 [restartedMain] INFO  org.springframework.boot.devtools.autoconfigure.OptionalLiveReloadServer - LiveReload server is running on port 35729
2024-12-12 02:29:09 [restartedMain] INFO  org.springframework.messaging.simp.broker.SimpleBrokerMessageHandler - Starting...
2024-12-12 02:29:09 [restartedMain] INFO  org.springframework.messaging.simp.broker.SimpleBrokerMessageHandler - BrokerAvailabilityEvent[available=true, SimpleBrokerMessageHandler [org.springframework.messaging.simp.broker.DefaultSubscriptionRegistry@11b1b74f]]
2024-12-12 02:29:09 [restartedMain] INFO  org.springframework.messaging.simp.broker.SimpleBrokerMessageHandler - Started.
2024-12-12 02:29:09 [restartedMain] INFO  org.springframework.boot.web.embedded.tomcat.TomcatWebServer - Tomcat started on port 8080 (http) with context path '/'
2024-12-12 02:29:09 [restartedMain] INFO  org.springframework.scheduling.quartz.SchedulerFactoryBean - Starting Quartz Scheduler now
2024-12-12 02:29:09 [restartedMain] INFO  org.quartz.core.QuartzScheduler - Scheduler quartzScheduler_$_NON_CLUSTERED started.
2024-12-12 02:29:09 [restartedMain] INFO  org.thamindu.realtimeticketing.RealtimeTicketingApplication - Started RealtimeTicketingApplication in 1.241 seconds (process running for 1.897)
2024-12-12 02:29:27 [http-nio-8080-exec-1] INFO  org.springframework.web.servlet.DispatcherServlet - Initializing Servlet 'dispatcherServlet'
2024-12-12 02:29:27 [http-nio-8080-exec-1] INFO  org.springframework.web.servlet.DispatcherServlet - Completed initialization in 0 ms
2024-12-12 02:29:49 [http-nio-8080-exec-6] INFO  org.thamindu.realtimeticketing.model.Configuration - Configuration saved to D:/IIT/OOP_Coursework/Coursework/RealtimeTicketing/system_config.json
2024-12-12 02:30:06 [http-nio-8080-exec-4] INFO  org.thamindu.realtimeticketing.service.SimulationService - TicketPool reinitialized: Max Capacity = 10, Total Tickets = 100
2024-12-12 02:30:06 [http-nio-8080-exec-4] INFO  org.thamindu.realtimeticketing.model.Vendor - Vendor Vendor-1 initialised with release rate: 10
2024-12-12 02:30:06 [http-nio-8080-exec-4] INFO  org.thamindu.realtimeticketing.model.Vendor - Vendor Vendor-2 initialised with release rate: 10
2024-12-12 02:30:06 [pool-2-thread-1] INFO  org.thamindu.realtimeticketing.model.Vendor - Vendor Vendor-1 started.
2024-12-12 02:30:06 [http-nio-8080-exec-4] INFO  org.thamindu.realtimeticketing.model.Vendor - Vendor Vendor-3 initialised with release rate: 10
2024-12-12 02:30:06 [pool-2-thread-2] INFO  org.thamindu.realtimeticketing.model.Vendor - Vendor Vendor-2 started.
2024-12-12 02:30:06 [http-nio-8080-exec-4] INFO  org.thamindu.realtimeticketing.model.Vendor - Vendor Vendor-4 initialised with release rate: 10
2024-12-12 02:30:06 [pool-2-thread-3] INFO  org.thamindu.realtimeticketing.model.Vendor - Vendor Vendor-3 started.
2024-12-12 02:30:06 [http-nio-8080-exec-4] INFO  org.thamindu.realtimeticketing.model.Vendor - Vendor Vendor-5 initialised with release rate: 10
2024-12-12 02:30:06 [pool-2-thread-1] INFO  org.thamindu.realtimeticketing.model.TicketPool - Ticket added: Vendor-Vendor-1-Ticket-0 (Total added: 1)
2024-12-12 02:30:06 [pool-2-thread-4] INFO  org.thamindu.realtimeticketing.model.Vendor - Vendor Vendor-4 started.
2024-12-12 02:30:06 [http-nio-8080-exec-4] INFO  org.thamindu.realtimeticketing.model.Vendor - Vendor Vendor-6 initialised with release rate: 10
2024-12-12 02:30:06 [pool-2-thread-3] INFO  org.thamindu.realtimeticketing.model.TicketPool - Ticket added: Vendor-Vendor-3-Ticket-1 (Total added: 2)
2024-12-12 02:30:06 [http-nio-8080-exec-4] INFO  org.thamindu.realtimeticketing.model.Vendor - Vendor Vendor-7 initialised with release rate: 10
2024-12-12 02:30:06 [pool-2-thread-5] INFO  org.thamindu.realtimeticketing.model.Vendor - Vendor Vendor-5 started.
2024-12-12 02:30:06 [pool-2-thread-2] INFO  org.thamindu.realtimeticketing.model.TicketPool - Ticket added: Vendor-Vendor-2-Ticket-2 (Total added: 3)
2024-12-12 02:30:06 [http-nio-8080-exec-4] INFO  org.thamindu.realtimeticketing.model.Vendor - Vendor Vendor-8 initialised with release rate: 10
2024-12-12 02:30:06 [pool-2-thread-5] INFO  org.thamindu.realtimeticketing.model.TicketPool - Ticket added: Vendor-Vendor-5-Ticket-3 (Total added: 4)
2024-12-12 02:30:06 [http-nio-8080-exec-4] INFO  org.thamindu.realtimeticketing.model.Vendor - Vendor Vendor-9 initialised with release rate: 10
2024-12-12 02:30:06 [pool-2-thread-6] INFO  org.thamindu.realtimeticketing.model.Vendor - Vendor Vendor-6 started.
2024-12-12 02:30:06 [pool-2-thread-4] INFO  org.thamindu.realtimeticketing.model.TicketPool - Ticket added: Vendor-Vendor-4-Ticket-4 (Total added: 5)
2024-12-12 02:30:06 [pool-2-thread-7] INFO  org.thamindu.realtimeticketing.model.Vendor - Vendor Vendor-7 started.
2024-12-12 02:30:06 [http-nio-8080-exec-4] INFO  org.thamindu.realtimeticketing.model.Vendor - Vendor Vendor-10 initialised with release rate: 10
2024-12-12 02:30:06 [pool-2-thread-6] INFO  org.thamindu.realtimeticketing.model.TicketPool - Ticket added: Vendor-Vendor-6-Ticket-5 (Total added: 6)
2024-12-12 02:30:06 [pool-2-thread-8] INFO  org.thamindu.realtimeticketing.model.Vendor - Vendor Vendor-8 started.
2024-12-12 02:30:06 [pool-2-thread-7] INFO  org.thamindu.realtimeticketing.model.TicketPool - Ticket added: Vendor-Vendor-7-Ticket-6 (Total added: 7)
2024-12-12 02:30:06 [pool-2-thread-10] INFO  org.thamindu.realtimeticketing.model.Vendor - Vendor Vendor-10 started.
2024-12-12 02:30:06 [pool-2-thread-10] INFO  org.thamindu.realtimeticketing.model.TicketPool - Ticket added: Vendor-Vendor-10-Ticket-7 (Total added: 8)
2024-12-12 02:30:06 [pool-2-thread-9] INFO  org.thamindu.realtimeticketing.model.Vendor - Vendor Vendor-9 started.
2024-12-12 02:30:06 [pool-2-thread-8] INFO  org.thamindu.realtimeticketing.model.TicketPool - Ticket added: Vendor-Vendor-8-Ticket-8 (Total added: 9)
2024-12-12 02:30:06 [pool-2-thread-9] INFO  org.thamindu.realtimeticketing.model.TicketPool - Ticket added: Vendor-Vendor-9-Ticket-9 (Total added: 10)
2024-12-12 02:30:06 [http-nio-8080-exec-4] INFO  org.thamindu.realtimeticketing.model.Customer - Customer Customer-1 initialised with ticket retrieval rate 10 and interval: 1000
2024-12-12 02:30:06 [http-nio-8080-exec-4] INFO  org.thamindu.realtimeticketing.model.Customer - Customer Customer-2 initialised with ticket retrieval rate 10 and interval: 1000
2024-12-12 02:30:06 [http-nio-8080-exec-4] INFO  org.thamindu.realtimeticketing.model.Customer - Customer Customer-3 initialised with ticket retrieval rate 10 and interval: 1000
2024-12-12 02:30:06 [pool-2-thread-11] INFO  org.thamindu.realtimeticketing.model.Customer - Customer Customer-1 started.
2024-12-12 02:30:06 [pool-2-thread-12] INFO  org.thamindu.realtimeticketing.model.Customer - Customer Customer-2 started.
2024-12-12 02:30:06 [pool-2-thread-11] INFO  org.thamindu.realtimeticketing.model.TicketPool - Ticket removed: Vendor-Vendor-1-Ticket-0
2024-12-12 02:30:06 [http-nio-8080-exec-4] INFO  org.thamindu.realtimeticketing.model.Customer - Customer Customer-4 initialised with ticket retrieval rate 10 and interval: 1000
2024-12-12 02:30:06 [pool-2-thread-12] INFO  org.thamindu.realtimeticketing.model.TicketPool - Ticket removed: Vendor-Vendor-3-Ticket-1
2024-12-12 02:30:06 [http-nio-8080-exec-4] INFO  org.thamindu.realtimeticketing.model.Customer - Customer Customer-5 initialised with ticket retrieval rate 10 and interval: 1000
2024-12-12 02:30:06 [pool-2-thread-13] INFO  org.thamindu.realtimeticketing.model.Customer - Customer Customer-3 started.
2024-12-12 02:30:06 [http-nio-8080-exec-4] INFO  org.thamindu.realtimeticketing.model.Customer - Customer Customer-6 initialised with ticket retrieval rate 10 and interval: 1000
2024-12-12 02:30:06 [pool-2-thread-14] INFO  org.thamindu.realtimeticketing.model.Customer - Customer Customer-4 started.
2024-12-12 02:30:06 [pool-2-thread-13] INFO  org.thamindu.realtimeticketing.model.TicketPool - Ticket removed: Vendor-Vendor-2-Ticket-2
2024-12-12 02:30:06 [pool-2-thread-15] INFO  org.thamindu.realtimeticketing.model.Customer - Customer Customer-5 started.
2024-12-12 02:30:06 [pool-2-thread-14] INFO  org.thamindu.realtimeticketing.model.TicketPool - Ticket removed: Vendor-Vendor-5-Ticket-3
2024-12-12 02:30:06 [http-nio-8080-exec-4] INFO  org.thamindu.realtimeticketing.model.Customer - Customer Customer-7 initialised with ticket retrieval rate 10 and interval: 1000
2024-12-12 02:30:06 [pool-2-thread-15] INFO  org.thamindu.realtimeticketing.model.TicketPool - Ticket removed: Vendor-Vendor-4-Ticket-4
2024-12-12 02:30:06 [pool-2-thread-16] INFO  org.thamindu.realtimeticketing.model.Customer - Customer Customer-6 started.
2024-12-12 02:30:06 [http-nio-8080-exec-4] INFO  org.thamindu.realtimeticketing.model.Customer - Customer Customer-8 initialised with ticket retrieval rate 10 and interval: 1000
2024-12-12 02:30:06 [pool-2-thread-16] INFO  org.thamindu.realtimeticketing.model.TicketPool - Ticket removed: Vendor-Vendor-6-Ticket-5
2024-12-12 02:30:06 [pool-2-thread-17] INFO  org.thamindu.realtimeticketing.model.Customer - Customer Customer-7 started.
2024-12-12 02:30:06 [http-nio-8080-exec-4] INFO  org.thamindu.realtimeticketing.model.Customer - Customer Customer-9 initialised with ticket retrieval rate 10 and interval: 1000
2024-12-12 02:30:06 [pool-2-thread-18] INFO  org.thamindu.realtimeticketing.model.Customer - Customer Customer-8 started.
2024-12-12 02:30:06 [pool-2-thread-17] INFO  org.thamindu.realtimeticketing.model.TicketPool - Ticket removed: Vendor-Vendor-7-Ticket-6
2024-12-12 02:30:06 [pool-2-thread-18] INFO  org.thamindu.realtimeticketing.model.TicketPool - Ticket removed: Vendor-Vendor-10-Ticket-7
2024-12-12 02:30:06 [http-nio-8080-exec-4] INFO  org.thamindu.realtimeticketing.model.Customer - Customer Customer-10 initialised with ticket retrieval rate 10 and interval: 1000
2024-12-12 02:30:06 [pool-2-thread-19] INFO  org.thamindu.realtimeticketing.model.Customer - Customer Customer-9 started.
2024-12-12 02:30:06 [pool-2-thread-19] INFO  org.thamindu.realtimeticketing.model.TicketPool - Ticket removed: Vendor-Vendor-8-Ticket-8
2024-12-12 02:30:06 [pool-2-thread-20] INFO  org.thamindu.realtimeticketing.model.Customer - Customer Customer-10 started.
2024-12-12 02:30:06 [pool-2-thread-20] INFO  org.thamindu.realtimeticketing.model.TicketPool - Ticket removed: Vendor-Vendor-9-Ticket-9
2024-12-12 02:30:06 [http-nio-8080-exec-4] INFO  org.thamindu.realtimeticketing.service.SimulationService - Simulation started with configuration: Configuration{totalTickets=100, ticketReleaseRate=10, customerRetrievalRate=10, maxTicketCapacity=10,}
2024-12-12 02:30:07 [pool-2-thread-2] INFO  org.thamindu.realtimeticketing.model.TicketPool - Ticket added: Vendor-Vendor-2-Ticket-10 (Total added: 11)
2024-12-12 02:30:07 [pool-2-thread-3] INFO  org.thamindu.realtimeticketing.model.TicketPool - Ticket added: Vendor-Vendor-3-Ticket-11 (Total added: 12)
2024-12-12 02:30:07 [pool-2-thread-1] INFO  org.thamindu.realtimeticketing.model.TicketPool - Ticket added: Vendor-Vendor-1-Ticket-12 (Total added: 13)
2024-12-12 02:30:07 [pool-2-thread-6] INFO  org.thamindu.realtimeticketing.model.TicketPool - Ticket added: Vendor-Vendor-6-Ticket-13 (Total added: 14)
2024-12-12 02:30:07 [pool-2-thread-9] INFO  org.thamindu.realtimeticketing.model.TicketPool - Ticket added: Vendor-Vendor-9-Ticket-14 (Total added: 15)
2024-12-12 02:30:07 [pool-2-thread-4] INFO  org.thamindu.realtimeticketing.model.TicketPool - Ticket added: Vendor-Vendor-4-Ticket-15 (Total added: 16)
2024-12-12 02:30:07 [pool-2-thread-5] INFO  org.thamindu.realtimeticketing.model.TicketPool - Ticket added: Vendor-Vendor-5-Ticket-16 (Total added: 17)
2024-12-12 02:30:07 [pool-2-thread-8] INFO  org.thamindu.realtimeticketing.model.TicketPool - Ticket added: Vendor-Vendor-8-Ticket-17 (Total added: 18)
2024-12-12 02:30:07 [pool-2-thread-7] INFO  org.thamindu.realtimeticketing.model.TicketPool - Ticket added: Vendor-Vendor-7-Ticket-18 (Total added: 19)
2024-12-12 02:30:07 [pool-2-thread-10] INFO  org.thamindu.realtimeticketing.model.TicketPool - Ticket added: Vendor-Vendor-10-Ticket-19 (Total added: 20)
2024-12-12 02:30:07 [pool-2-thread-13] INFO  org.thamindu.realtimeticketing.model.Customer - Customer Customer-3 retrieved ticket: Vendor-Vendor-2-Ticket-2
2024-12-12 02:30:07 [pool-2-thread-13] INFO  org.thamindu.realtimeticketing.model.TicketPool - Ticket removed: Vendor-Vendor-2-Ticket-10
2024-12-12 02:30:07 [pool-2-thread-12] INFO  org.thamindu.realtimeticketing.model.Customer - Customer Customer-2 retrieved ticket: Vendor-Vendor-3-Ticket-1
2024-12-12 02:30:07 [pool-2-thread-11] INFO  org.thamindu.realtimeticketing.model.Customer - Customer Customer-1 retrieved ticket: Vendor-Vendor-1-Ticket-0
2024-12-12 02:30:07 [pool-2-thread-17] INFO  org.thamindu.realtimeticketing.model.Customer - Customer Customer-7 retrieved ticket: Vendor-Vendor-7-Ticket-6
2024-12-12 02:30:07 [pool-2-thread-12] INFO  org.thamindu.realtimeticketing.model.TicketPool - Ticket removed: Vendor-Vendor-3-Ticket-11
2024-12-12 02:30:07 [pool-2-thread-17] INFO  org.thamindu.realtimeticketing.model.TicketPool - Ticket removed: Vendor-Vendor-1-Ticket-12
2024-12-12 02:30:07 [pool-2-thread-11] INFO  org.thamindu.realtimeticketing.model.TicketPool - Ticket removed: Vendor-Vendor-6-Ticket-13
2024-12-12 02:30:07 [pool-2-thread-16] INFO  org.thamindu.realtimeticketing.model.Customer - Customer Customer-6 retrieved ticket: Vendor-Vendor-6-Ticket-5
2024-12-12 02:30:07 [pool-2-thread-20] INFO  org.thamindu.realtimeticketing.model.Customer - Customer Customer-10 retrieved ticket: Vendor-Vendor-9-Ticket-9
2024-12-12 02:30:07 [pool-2-thread-15] INFO  org.thamindu.realtimeticketing.model.Customer - Customer Customer-5 retrieved ticket: Vendor-Vendor-4-Ticket-4
2024-12-12 02:30:07 [pool-2-thread-16] INFO  org.thamindu.realtimeticketing.model.TicketPool - Ticket removed: Vendor-Vendor-9-Ticket-14
2024-12-12 02:30:07 [pool-2-thread-14] INFO  org.thamindu.realtimeticketing.model.Customer - Customer Customer-4 retrieved ticket: Vendor-Vendor-5-Ticket-3
2024-12-12 02:30:07 [pool-2-thread-15] INFO  org.thamindu.realtimeticketing.model.TicketPool - Ticket removed: Vendor-Vendor-4-Ticket-15
2024-12-12 02:30:07 [pool-2-thread-20] INFO  org.thamindu.realtimeticketing.model.TicketPool - Ticket removed: Vendor-Vendor-5-Ticket-16
2024-12-12 02:30:07 [pool-2-thread-14] INFO  org.thamindu.realtimeticketing.model.TicketPool - Ticket removed: Vendor-Vendor-8-Ticket-17
2024-12-12 02:30:07 [pool-2-thread-19] INFO  org.thamindu.realtimeticketing.model.Customer - Customer Customer-9 retrieved ticket: Vendor-Vendor-8-Ticket-8
2024-12-12 02:30:07 [pool-2-thread-18] INFO  org.thamindu.realtimeticketing.model.Customer - Customer Customer-8 retrieved ticket: Vendor-Vendor-10-Ticket-7
2024-12-12 02:30:07 [pool-2-thread-19] INFO  org.thamindu.realtimeticketing.model.TicketPool - Ticket removed: Vendor-Vendor-7-Ticket-18
2024-12-12 02:30:07 [pool-2-thread-18] INFO  org.thamindu.realtimeticketing.model.TicketPool - Ticket removed: Vendor-Vendor-10-Ticket-19
2024-12-12 02:30:08 [pool-2-thread-1] INFO  org.thamindu.realtimeticketing.model.TicketPool - Ticket added: Vendor-Vendor-1-Ticket-20 (Total added: 21)
2024-12-12 02:30:08 [pool-2-thread-3] INFO  org.thamindu.realtimeticketing.model.TicketPool - Ticket added: Vendor-Vendor-3-Ticket-21 (Total added: 22)
2024-12-12 02:30:08 [pool-2-thread-9] INFO  org.thamindu.realtimeticketing.model.TicketPool - Ticket added: Vendor-Vendor-9-Ticket-22 (Total added: 23)
2024-12-12 02:30:08 [pool-2-thread-5] INFO  org.thamindu.realtimeticketing.model.TicketPool - Ticket added: Vendor-Vendor-5-Ticket-23 (Total added: 24)
2024-12-12 02:30:08 [pool-2-thread-2] INFO  org.thamindu.realtimeticketing.model.TicketPool - Ticket added: Vendor-Vendor-2-Ticket-24 (Total added: 25)
2024-12-12 02:30:08 [pool-2-thread-4] INFO  org.thamindu.realtimeticketing.model.TicketPool - Ticket added: Vendor-Vendor-4-Ticket-25 (Total added: 26)
2024-12-12 02:30:08 [pool-2-thread-13] INFO  org.thamindu.realtimeticketing.model.Customer - Customer Customer-3 retrieved ticket: Vendor-Vendor-2-Ticket-10
2024-12-12 02:30:08 [pool-2-thread-6] INFO  org.thamindu.realtimeticketing.model.TicketPool - Ticket added: Vendor-Vendor-6-Ticket-26 (Total added: 27)
2024-12-12 02:30:08 [pool-2-thread-13] INFO  org.thamindu.realtimeticketing.model.TicketPool - Ticket removed: Vendor-Vendor-1-Ticket-20
2024-12-12 02:30:08 [pool-2-thread-7] INFO  org.thamindu.realtimeticketing.model.TicketPool - Ticket added: Vendor-Vendor-7-Ticket-27 (Total added: 28)
2024-12-12 02:30:08 [pool-2-thread-8] INFO  org.thamindu.realtimeticketing.model.TicketPool - Ticket added: Vendor-Vendor-8-Ticket-28 (Total added: 29)
2024-12-12 02:30:08 [pool-2-thread-10] INFO  org.thamindu.realtimeticketing.model.TicketPool - Ticket added: Vendor-Vendor-10-Ticket-29 (Total added: 30)
2024-12-12 02:30:08 [pool-2-thread-12] INFO  org.thamindu.realtimeticketing.model.Customer - Customer Customer-2 retrieved ticket: Vendor-Vendor-3-Ticket-11
2024-12-12 02:30:08 [pool-2-thread-12] INFO  org.thamindu.realtimeticketing.model.TicketPool - Ticket removed: Vendor-Vendor-3-Ticket-21
2024-12-12 02:30:08 [pool-2-thread-17] INFO  org.thamindu.realtimeticketing.model.Customer - Customer Customer-7 retrieved ticket: Vendor-Vendor-1-Ticket-12
2024-12-12 02:30:08 [pool-2-thread-11] INFO  org.thamindu.realtimeticketing.model.Customer - Customer Customer-1 retrieved ticket: Vendor-Vendor-6-Ticket-13
2024-12-12 02:30:08 [pool-2-thread-17] INFO  org.thamindu.realtimeticketing.model.TicketPool - Ticket removed: Vendor-Vendor-9-Ticket-22
2024-12-12 02:30:08 [pool-2-thread-16] INFO  org.thamindu.realtimeticketing.model.Customer - Customer Customer-6 retrieved ticket: Vendor-Vendor-9-Ticket-14
2024-12-12 02:30:08 [pool-2-thread-11] INFO  org.thamindu.realtimeticketing.model.TicketPool - Ticket removed: Vendor-Vendor-5-Ticket-23
2024-12-12 02:30:08 [pool-2-thread-15] INFO  org.thamindu.realtimeticketing.model.Customer - Customer Customer-5 retrieved ticket: Vendor-Vendor-4-Ticket-15
2024-12-12 02:30:08 [pool-2-thread-16] INFO  org.thamindu.realtimeticketing.model.TicketPool - Ticket removed: Vendor-Vendor-2-Ticket-24
2024-12-12 02:30:08 [pool-2-thread-15] INFO  org.thamindu.realtimeticketing.model.TicketPool - Ticket removed: Vendor-Vendor-4-Ticket-25
2024-12-12 02:30:08 [pool-2-thread-14] INFO  org.thamindu.realtimeticketing.model.Customer - Customer Customer-4 retrieved ticket: Vendor-Vendor-8-Ticket-17
2024-12-12 02:30:08 [pool-2-thread-20] INFO  org.thamindu.realtimeticketing.model.Customer - Customer Customer-10 retrieved ticket: Vendor-Vendor-5-Ticket-16
2024-12-12 02:30:08 [pool-2-thread-14] INFO  org.thamindu.realtimeticketing.model.TicketPool - Ticket removed: Vendor-Vendor-6-Ticket-26
2024-12-12 02:30:08 [pool-2-thread-20] INFO  org.thamindu.realtimeticketing.model.TicketPool - Ticket removed: Vendor-Vendor-7-Ticket-27
2024-12-12 02:30:08 [pool-2-thread-19] INFO  org.thamindu.realtimeticketing.model.Customer - Customer Customer-9 retrieved ticket: Vendor-Vendor-7-Ticket-18
2024-12-12 02:30:08 [pool-2-thread-18] INFO  org.thamindu.realtimeticketing.model.Customer - Customer Customer-8 retrieved ticket: Vendor-Vendor-10-Ticket-19
2024-12-12 02:30:08 [pool-2-thread-19] INFO  org.thamindu.realtimeticketing.model.TicketPool - Ticket removed: Vendor-Vendor-8-Ticket-28
2024-12-12 02:30:08 [pool-2-thread-18] INFO  org.thamindu.realtimeticketing.model.TicketPool - Ticket removed: Vendor-Vendor-10-Ticket-29
2024-12-12 02:30:09 [MessageBroker-1] INFO  org.springframework.web.socket.config.WebSocketMessageBrokerStats - WebSocketSession[0 current WS(0)-HttpStream(0)-HttpPoll(0), 0 total, 0 closed abnormally (0 connect failure, 0 send limit, 0 transport error)], stompSubProtocol[processed CONNECT(0)-CONNECTED(0)-DISCONNECT(0)], stompBrokerRelay[null], inboundChannel[pool size = 0, active threads = 0, queued tasks = 0, completed tasks = 0], outboundChannel[pool size = 0, active threads = 0, queued tasks = 0, completed tasks = 0], sockJsScheduler[pool size = 1, active threads = 1, queued tasks = 0, completed tasks = 0]
2024-12-12 02:30:09 [pool-2-thread-9] INFO  org.thamindu.realtimeticketing.model.TicketPool - Ticket added: Vendor-Vendor-9-Ticket-30 (Total added: 31)
2024-12-12 02:30:09 [pool-2-thread-5] INFO  org.thamindu.realtimeticketing.model.TicketPool - Ticket added: Vendor-Vendor-5-Ticket-31 (Total added: 32)
2024-12-12 02:30:09 [pool-2-thread-3] INFO  org.thamindu.realtimeticketing.model.TicketPool - Ticket added: Vendor-Vendor-3-Ticket-32 (Total added: 33)
2024-12-12 02:30:09 [pool-2-thread-1] INFO  org.thamindu.realtimeticketing.model.TicketPool - Ticket added: Vendor-Vendor-1-Ticket-33 (Total added: 34)
2024-12-12 02:30:09 [pool-2-thread-2] INFO  org.thamindu.realtimeticketing.model.TicketPool - Ticket added: Vendor-Vendor-2-Ticket-34 (Total added: 35)
2024-12-12 02:30:09 [pool-2-thread-4] INFO  org.thamindu.realtimeticketing.model.TicketPool - Ticket added: Vendor-Vendor-4-Ticket-35 (Total added: 36)
2024-12-12 02:30:09 [pool-2-thread-13] INFO  org.thamindu.realtimeticketing.model.Customer - Customer Customer-3 retrieved ticket: Vendor-Vendor-1-Ticket-20
2024-12-12 02:30:09 [pool-2-thread-6] INFO  org.thamindu.realtimeticketing.model.TicketPool - Ticket added: Vendor-Vendor-6-Ticket-36 (Total added: 37)
2024-12-12 02:30:09 [pool-2-thread-12] INFO  org.thamindu.realtimeticketing.model.Customer - Customer Customer-2 retrieved ticket: Vendor-Vendor-3-Ticket-21
2024-12-12 02:30:09 [pool-2-thread-17] INFO  org.thamindu.realtimeticketing.model.Customer - Customer Customer-7 retrieved ticket: Vendor-Vendor-9-Ticket-22
2024-12-12 02:30:09 [pool-2-thread-11] INFO  org.thamindu.realtimeticketing.model.Customer - Customer Customer-1 retrieved ticket: Vendor-Vendor-5-Ticket-23
2024-12-12 02:30:09 [pool-2-thread-12] INFO  org.thamindu.realtimeticketing.model.TicketPool - Ticket removed: Vendor-Vendor-9-Ticket-30
2024-12-12 02:30:09 [pool-2-thread-16] INFO  org.thamindu.realtimeticketing.model.Customer - Customer Customer-6 retrieved ticket: Vendor-Vendor-2-Ticket-24
2024-12-12 02:30:09 [pool-2-thread-13] INFO  org.thamindu.realtimeticketing.model.TicketPool - Ticket removed: Vendor-Vendor-5-Ticket-31
2024-12-12 02:30:09 [pool-2-thread-15] INFO  org.thamindu.realtimeticketing.model.Customer - Customer Customer-5 retrieved ticket: Vendor-Vendor-4-Ticket-25
2024-12-12 02:30:09 [pool-2-thread-16] INFO  org.thamindu.realtimeticketing.model.TicketPool - Ticket removed: Vendor-Vendor-3-Ticket-32
2024-12-12 02:30:09 [pool-2-thread-11] INFO  org.thamindu.realtimeticketing.model.TicketPool - Ticket removed: Vendor-Vendor-1-Ticket-33
2024-12-12 02:30:09 [pool-2-thread-17] INFO  org.thamindu.realtimeticketing.model.TicketPool - Ticket removed: Vendor-Vendor-2-Ticket-34
2024-12-12 02:30:09 [pool-2-thread-8] INFO  org.thamindu.realtimeticketing.model.TicketPool - Ticket added: Vendor-Vendor-8-Ticket-37 (Total added: 38)
2024-12-12 02:30:09 [pool-2-thread-10] INFO  org.thamindu.realtimeticketing.model.TicketPool - Ticket added: Vendor-Vendor-10-Ticket-38 (Total added: 39)
2024-12-12 02:30:09 [pool-2-thread-7] INFO  org.thamindu.realtimeticketing.model.TicketPool - Ticket added: Vendor-Vendor-7-Ticket-39 (Total added: 40)
2024-12-12 02:30:09 [pool-2-thread-15] INFO  org.thamindu.realtimeticketing.model.TicketPool - Ticket removed: Vendor-Vendor-4-Ticket-35
2024-12-12 02:30:09 [pool-2-thread-14] INFO  org.thamindu.realtimeticketing.model.Customer - Customer Customer-4 retrieved ticket: Vendor-Vendor-6-Ticket-26
2024-12-12 02:30:09 [pool-2-thread-20] INFO  org.thamindu.realtimeticketing.model.Customer - Customer Customer-10 retrieved ticket: Vendor-Vendor-7-Ticket-27
2024-12-12 02:30:09 [pool-2-thread-18] INFO  org.thamindu.realtimeticketing.model.Customer - Customer Customer-8 retrieved ticket: Vendor-Vendor-10-Ticket-29
2024-12-12 02:30:09 [pool-2-thread-14] INFO  org.thamindu.realtimeticketing.model.TicketPool - Ticket removed: Vendor-Vendor-6-Ticket-36
2024-12-12 02:30:09 [pool-2-thread-18] INFO  org.thamindu.realtimeticketing.model.TicketPool - Ticket removed: Vendor-Vendor-8-Ticket-37
2024-12-12 02:30:09 [pool-2-thread-19] INFO  org.thamindu.realtimeticketing.model.Customer - Customer Customer-9 retrieved ticket: Vendor-Vendor-8-Ticket-28
2024-12-12 02:30:09 [pool-2-thread-20] INFO  org.thamindu.realtimeticketing.model.TicketPool - Ticket removed: Vendor-Vendor-10-Ticket-38
2024-12-12 02:30:09 [pool-2-thread-19] INFO  org.thamindu.realtimeticketing.model.TicketPool - Ticket removed: Vendor-Vendor-7-Ticket-39
2024-12-12 02:30:10 [pool-2-thread-9] INFO  org.thamindu.realtimeticketing.model.TicketPool - Ticket added: Vendor-Vendor-9-Ticket-40 (Total added: 41)
2024-12-12 02:30:10 [pool-2-thread-5] INFO  org.thamindu.realtimeticketing.model.TicketPool - Ticket added: Vendor-Vendor-5-Ticket-41 (Total added: 42)
2024-12-12 02:30:10 [pool-2-thread-3] INFO  org.thamindu.realtimeticketing.model.TicketPool - Ticket added: Vendor-Vendor-3-Ticket-42 (Total added: 43)
2024-12-12 02:30:10 [pool-2-thread-1] INFO  org.thamindu.realtimeticketing.model.TicketPool - Ticket added: Vendor-Vendor-1-Ticket-43 (Total added: 44)
2024-12-12 02:30:10 [pool-2-thread-12] INFO  org.thamindu.realtimeticketing.model.Customer - Customer Customer-2 retrieved ticket: Vendor-Vendor-9-Ticket-30
2024-12-12 02:30:10 [pool-2-thread-13] INFO  org.thamindu.realtimeticketing.model.Customer - Customer Customer-3 retrieved ticket: Vendor-Vendor-5-Ticket-31
2024-12-12 02:30:10 [pool-2-thread-12] INFO  org.thamindu.realtimeticketing.model.TicketPool - Ticket removed: Vendor-Vendor-9-Ticket-40
2024-12-12 02:30:10 [pool-2-thread-2] INFO  org.thamindu.realtimeticketing.model.TicketPool - Ticket added: Vendor-Vendor-2-Ticket-44 (Total added: 45)
2024-12-12 02:30:10 [pool-2-thread-4] INFO  org.thamindu.realtimeticketing.model.TicketPool - Ticket added: Vendor-Vendor-4-Ticket-45 (Total added: 46)
2024-12-12 02:30:10 [pool-2-thread-6] INFO  org.thamindu.realtimeticketing.model.TicketPool - Ticket added: Vendor-Vendor-6-Ticket-46 (Total added: 47)
2024-12-12 02:30:10 [pool-2-thread-13] INFO  org.thamindu.realtimeticketing.model.TicketPool - Ticket removed: Vendor-Vendor-5-Ticket-41
2024-12-12 02:30:10 [pool-2-thread-8] INFO  org.thamindu.realtimeticketing.model.TicketPool - Ticket added: Vendor-Vendor-8-Ticket-47 (Total added: 48)
2024-12-12 02:30:10 [pool-2-thread-11] INFO  org.thamindu.realtimeticketing.model.Customer - Customer Customer-1 retrieved ticket: Vendor-Vendor-1-Ticket-33
2024-12-12 02:30:10 [pool-2-thread-10] INFO  org.thamindu.realtimeticketing.model.TicketPool - Ticket added: Vendor-Vendor-10-Ticket-48 (Total added: 49)
2024-12-12 02:30:10 [pool-2-thread-11] INFO  org.thamindu.realtimeticketing.model.TicketPool - Ticket removed: Vendor-Vendor-3-Ticket-42
2024-12-12 02:30:10 [pool-2-thread-17] INFO  org.thamindu.realtimeticketing.model.Customer - Customer Customer-7 retrieved ticket: Vendor-Vendor-2-Ticket-34
2024-12-12 02:30:10 [pool-2-thread-17] INFO  org.thamindu.realtimeticketing.model.TicketPool - Ticket removed: Vendor-Vendor-1-Ticket-43
2024-12-12 02:30:10 [pool-2-thread-16] INFO  org.thamindu.realtimeticketing.model.Customer - Customer Customer-6 retrieved ticket: Vendor-Vendor-3-Ticket-32
2024-12-12 02:30:10 [pool-2-thread-16] INFO  org.thamindu.realtimeticketing.model.TicketPool - Ticket removed: Vendor-Vendor-2-Ticket-44
2024-12-12 02:30:10 [pool-2-thread-7] INFO  org.thamindu.realtimeticketing.model.TicketPool - Ticket added: Vendor-Vendor-7-Ticket-49 (Total added: 50)
2024-12-12 02:30:10 [pool-2-thread-15] INFO  org.thamindu.realtimeticketing.model.Customer - Customer Customer-5 retrieved ticket: Vendor-Vendor-4-Ticket-35
2024-12-12 02:30:10 [pool-2-thread-15] INFO  org.thamindu.realtimeticketing.model.TicketPool - Ticket removed: Vendor-Vendor-4-Ticket-45
2024-12-12 02:30:10 [pool-2-thread-14] INFO  org.thamindu.realtimeticketing.model.Customer - Customer Customer-4 retrieved ticket: Vendor-Vendor-6-Ticket-36
2024-12-12 02:30:10 [pool-2-thread-14] INFO  org.thamindu.realtimeticketing.model.TicketPool - Ticket removed: Vendor-Vendor-6-Ticket-46
2024-12-12 02:30:10 [pool-2-thread-19] INFO  org.thamindu.realtimeticketing.model.Customer - Customer Customer-9 retrieved ticket: Vendor-Vendor-7-Ticket-39
2024-12-12 02:30:10 [pool-2-thread-19] INFO  org.thamindu.realtimeticketing.model.TicketPool - Ticket removed: Vendor-Vendor-8-Ticket-47
2024-12-12 02:30:10 [pool-2-thread-20] INFO  org.thamindu.realtimeticketing.model.Customer - Customer Customer-10 retrieved ticket: Vendor-Vendor-10-Ticket-38
2024-12-12 02:30:10 [pool-2-thread-20] INFO  org.thamindu.realtimeticketing.model.TicketPool - Ticket removed: Vendor-Vendor-10-Ticket-48
2024-12-12 02:30:10 [pool-2-thread-18] INFO  org.thamindu.realtimeticketing.model.Customer - Customer Customer-8 retrieved ticket: Vendor-Vendor-8-Ticket-37
2024-12-12 02:30:10 [pool-2-thread-18] INFO  org.thamindu.realtimeticketing.model.TicketPool - Ticket removed: Vendor-Vendor-7-Ticket-49
2024-12-12 02:30:11 [pool-2-thread-9] INFO  org.thamindu.realtimeticketing.model.TicketPool - Ticket added: Vendor-Vendor-9-Ticket-50 (Total added: 51)
2024-12-12 02:30:11 [pool-2-thread-5] INFO  org.thamindu.realtimeticketing.model.TicketPool - Ticket added: Vendor-Vendor-5-Ticket-51 (Total added: 52)
2024-12-12 02:30:11 [pool-2-thread-3] INFO  org.thamindu.realtimeticketing.model.TicketPool - Ticket added: Vendor-Vendor-3-Ticket-52 (Total added: 53)
2024-12-12 02:30:11 [pool-2-thread-1] INFO  org.thamindu.realtimeticketing.model.TicketPool - Ticket added: Vendor-Vendor-1-Ticket-53 (Total added: 54)
2024-12-12 02:30:11 [pool-2-thread-12] INFO  org.thamindu.realtimeticketing.model.Customer - Customer Customer-2 retrieved ticket: Vendor-Vendor-9-Ticket-40
2024-12-12 02:30:11 [pool-2-thread-2] INFO  org.thamindu.realtimeticketing.model.TicketPool - Ticket added: Vendor-Vendor-2-Ticket-54 (Total added: 55)
2024-12-12 02:30:11 [pool-2-thread-12] INFO  org.thamindu.realtimeticketing.model.TicketPool - Ticket removed: Vendor-Vendor-9-Ticket-50
2024-12-12 02:30:11 [pool-2-thread-4] INFO  org.thamindu.realtimeticketing.model.TicketPool - Ticket added: Vendor-Vendor-4-Ticket-55 (Total added: 56)
2024-12-12 02:30:11 [pool-2-thread-6] INFO  org.thamindu.realtimeticketing.model.TicketPool - Ticket added: Vendor-Vendor-6-Ticket-56 (Total added: 57)
2024-12-12 02:30:11 [pool-2-thread-7] INFO  org.thamindu.realtimeticketing.model.TicketPool - Ticket added: Vendor-Vendor-7-Ticket-57 (Total added: 58)
2024-12-12 02:30:11 [pool-2-thread-11] INFO  org.thamindu.realtimeticketing.model.Customer - Customer Customer-1 retrieved ticket: Vendor-Vendor-3-Ticket-42
2024-12-12 02:30:11 [pool-2-thread-17] INFO  org.thamindu.realtimeticketing.model.Customer - Customer Customer-7 retrieved ticket: Vendor-Vendor-1-Ticket-43
2024-12-12 02:30:11 [pool-2-thread-10] INFO  org.thamindu.realtimeticketing.model.TicketPool - Ticket added: Vendor-Vendor-10-Ticket-58 (Total added: 59)
2024-12-12 02:30:11 [pool-2-thread-16] INFO  org.thamindu.realtimeticketing.model.Customer - Customer Customer-6 retrieved ticket: Vendor-Vendor-2-Ticket-44
2024-12-12 02:30:11 [pool-2-thread-16] INFO  org.thamindu.realtimeticketing.model.TicketPool - Ticket removed: Vendor-Vendor-5-Ticket-51
2024-12-12 02:30:11 [pool-2-thread-17] INFO  org.thamindu.realtimeticketing.model.TicketPool - Ticket removed: Vendor-Vendor-3-Ticket-52
2024-12-12 02:30:11 [pool-2-thread-13] INFO  org.thamindu.realtimeticketing.model.Customer - Customer Customer-3 retrieved ticket: Vendor-Vendor-5-Ticket-41
2024-12-12 02:30:11 [pool-2-thread-11] INFO  org.thamindu.realtimeticketing.model.TicketPool - Ticket removed: Vendor-Vendor-1-Ticket-53
2024-12-12 02:30:11 [pool-2-thread-8] INFO  org.thamindu.realtimeticketing.model.TicketPool - Ticket added: Vendor-Vendor-8-Ticket-59 (Total added: 60)
2024-12-12 02:30:11 [pool-2-thread-13] INFO  org.thamindu.realtimeticketing.model.TicketPool - Ticket removed: Vendor-Vendor-2-Ticket-54
2024-12-12 02:30:11 [pool-2-thread-18] INFO  org.thamindu.realtimeticketing.model.Customer - Customer Customer-8 retrieved ticket: Vendor-Vendor-7-Ticket-49
2024-12-12 02:30:11 [pool-2-thread-19] INFO  org.thamindu.realtimeticketing.model.Customer - Customer Customer-9 retrieved ticket: Vendor-Vendor-8-Ticket-47
2024-12-12 02:30:11 [pool-2-thread-20] INFO  org.thamindu.realtimeticketing.model.Customer - Customer Customer-10 retrieved ticket: Vendor-Vendor-10-Ticket-48
2024-12-12 02:30:11 [pool-2-thread-18] INFO  org.thamindu.realtimeticketing.model.TicketPool - Ticket removed: Vendor-Vendor-4-Ticket-55
2024-12-12 02:30:11 [pool-2-thread-14] INFO  org.thamindu.realtimeticketing.model.Customer - Customer Customer-4 retrieved ticket: Vendor-Vendor-6-Ticket-46
2024-12-12 02:30:11 [pool-2-thread-20] INFO  org.thamindu.realtimeticketing.model.TicketPool - Ticket removed: Vendor-Vendor-6-Ticket-56
2024-12-12 02:30:11 [pool-2-thread-15] INFO  org.thamindu.realtimeticketing.model.Customer - Customer Customer-5 retrieved ticket: Vendor-Vendor-4-Ticket-45
2024-12-12 02:30:11 [pool-2-thread-19] INFO  org.thamindu.realtimeticketing.model.TicketPool - Ticket removed: Vendor-Vendor-7-Ticket-57
2024-12-12 02:30:11 [pool-2-thread-15] INFO  org.thamindu.realtimeticketing.model.TicketPool - Ticket removed: Vendor-Vendor-10-Ticket-58
2024-12-12 02:30:11 [pool-2-thread-14] INFO  org.thamindu.realtimeticketing.model.TicketPool - Ticket removed: Vendor-Vendor-8-Ticket-59
2024-12-12 02:30:12 [pool-2-thread-9] INFO  org.thamindu.realtimeticketing.model.TicketPool - Ticket added: Vendor-Vendor-9-Ticket-60 (Total added: 61)
2024-12-12 02:30:12 [pool-2-thread-5] INFO  org.thamindu.realtimeticketing.model.TicketPool - Ticket added: Vendor-Vendor-5-Ticket-61 (Total added: 62)
2024-12-12 02:30:12 [pool-2-thread-1] INFO  org.thamindu.realtimeticketing.model.TicketPool - Ticket added: Vendor-Vendor-1-Ticket-62 (Total added: 63)
2024-12-12 02:30:12 [pool-2-thread-3] INFO  org.thamindu.realtimeticketing.model.TicketPool - Ticket added: Vendor-Vendor-3-Ticket-63 (Total added: 64)
2024-12-12 02:30:12 [pool-2-thread-2] INFO  org.thamindu.realtimeticketing.model.TicketPool - Ticket added: Vendor-Vendor-2-Ticket-64 (Total added: 65)
2024-12-12 02:30:12 [pool-2-thread-12] INFO  org.thamindu.realtimeticketing.model.Customer - Customer Customer-2 retrieved ticket: Vendor-Vendor-9-Ticket-50
2024-12-12 02:30:12 [pool-2-thread-4] INFO  org.thamindu.realtimeticketing.model.TicketPool - Ticket added: Vendor-Vendor-4-Ticket-65 (Total added: 66)
2024-12-12 02:30:12 [pool-2-thread-12] INFO  org.thamindu.realtimeticketing.model.TicketPool - Ticket removed: Vendor-Vendor-9-Ticket-60
2024-12-12 02:30:12 [pool-2-thread-6] INFO  org.thamindu.realtimeticketing.model.TicketPool - Ticket added: Vendor-Vendor-6-Ticket-66 (Total added: 67)
2024-12-12 02:30:12 [pool-2-thread-7] INFO  org.thamindu.realtimeticketing.model.TicketPool - Ticket added: Vendor-Vendor-7-Ticket-67 (Total added: 68)
2024-12-12 02:30:12 [pool-2-thread-13] INFO  org.thamindu.realtimeticketing.model.Customer - Customer Customer-3 retrieved ticket: Vendor-Vendor-2-Ticket-54
2024-12-12 02:30:12 [pool-2-thread-8] INFO  org.thamindu.realtimeticketing.model.TicketPool - Ticket added: Vendor-Vendor-8-Ticket-68 (Total added: 69)
2024-12-12 02:30:12 [pool-2-thread-11] INFO  org.thamindu.realtimeticketing.model.Customer - Customer Customer-1 retrieved ticket: Vendor-Vendor-1-Ticket-53
2024-12-12 02:30:12 [pool-2-thread-11] INFO  org.thamindu.realtimeticketing.model.TicketPool - Ticket removed: Vendor-Vendor-5-Ticket-61
2024-12-12 02:30:12 [pool-2-thread-17] INFO  org.thamindu.realtimeticketing.model.Customer - Customer Customer-7 retrieved ticket: Vendor-Vendor-3-Ticket-52
2024-12-12 02:30:12 [pool-2-thread-13] INFO  org.thamindu.realtimeticketing.model.TicketPool - Ticket removed: Vendor-Vendor-1-Ticket-62
2024-12-12 02:30:12 [pool-2-thread-17] INFO  org.thamindu.realtimeticketing.model.TicketPool - Ticket removed: Vendor-Vendor-3-Ticket-63
2024-12-12 02:30:12 [pool-2-thread-16] INFO  org.thamindu.realtimeticketing.model.Customer - Customer Customer-6 retrieved ticket: Vendor-Vendor-5-Ticket-51
2024-12-12 02:30:12 [pool-2-thread-10] INFO  org.thamindu.realtimeticketing.model.TicketPool - Ticket added: Vendor-Vendor-10-Ticket-69 (Total added: 70)
2024-12-12 02:30:12 [pool-2-thread-19] INFO  org.thamindu.realtimeticketing.model.Customer - Customer Customer-9 retrieved ticket: Vendor-Vendor-7-Ticket-57
2024-12-12 02:30:12 [pool-2-thread-20] INFO  org.thamindu.realtimeticketing.model.Customer - Customer Customer-10 retrieved ticket: Vendor-Vendor-6-Ticket-56
2024-12-12 02:30:12 [pool-2-thread-16] INFO  org.thamindu.realtimeticketing.model.TicketPool - Ticket removed: Vendor-Vendor-2-Ticket-64
2024-12-12 02:30:12 [pool-2-thread-14] INFO  org.thamindu.realtimeticketing.model.Customer - Customer Customer-4 retrieved ticket: Vendor-Vendor-8-Ticket-59
2024-12-12 02:30:12 [pool-2-thread-15] INFO  org.thamindu.realtimeticketing.model.Customer - Customer Customer-5 retrieved ticket: Vendor-Vendor-10-Ticket-58
2024-12-12 02:30:12 [pool-2-thread-20] INFO  org.thamindu.realtimeticketing.model.TicketPool - Ticket removed: Vendor-Vendor-4-Ticket-65
2024-12-12 02:30:12 [pool-2-thread-18] INFO  org.thamindu.realtimeticketing.model.Customer - Customer Customer-8 retrieved ticket: Vendor-Vendor-4-Ticket-55
2024-12-12 02:30:12 [pool-2-thread-19] INFO  org.thamindu.realtimeticketing.model.TicketPool - Ticket removed: Vendor-Vendor-6-Ticket-66
2024-12-12 02:30:12 [pool-2-thread-15] INFO  org.thamindu.realtimeticketing.model.TicketPool - Ticket removed: Vendor-Vendor-7-Ticket-67
2024-12-12 02:30:12 [pool-2-thread-18] INFO  org.thamindu.realtimeticketing.model.TicketPool - Ticket removed: Vendor-Vendor-8-Ticket-68
2024-12-12 02:30:12 [pool-2-thread-14] INFO  org.thamindu.realtimeticketing.model.TicketPool - Ticket removed: Vendor-Vendor-10-Ticket-69
2024-12-12 02:30:13 [pool-2-thread-9] INFO  org.thamindu.realtimeticketing.model.TicketPool - Ticket added: Vendor-Vendor-9-Ticket-70 (Total added: 71)
2024-12-12 02:30:13 [pool-2-thread-5] INFO  org.thamindu.realtimeticketing.model.TicketPool - Ticket added: Vendor-Vendor-5-Ticket-71 (Total added: 72)
2024-12-12 02:30:13 [pool-2-thread-1] INFO  org.thamindu.realtimeticketing.model.TicketPool - Ticket added: Vendor-Vendor-1-Ticket-72 (Total added: 73)
2024-12-12 02:30:13 [pool-2-thread-3] INFO  org.thamindu.realtimeticketing.model.TicketPool - Ticket added: Vendor-Vendor-3-Ticket-73 (Total added: 74)
2024-12-12 02:30:13 [pool-2-thread-12] INFO  org.thamindu.realtimeticketing.model.Customer - Customer Customer-2 retrieved ticket: Vendor-Vendor-9-Ticket-60
2024-12-12 02:30:13 [pool-2-thread-2] INFO  org.thamindu.realtimeticketing.model.TicketPool - Ticket added: Vendor-Vendor-2-Ticket-74 (Total added: 75)
2024-12-12 02:30:13 [pool-2-thread-12] INFO  org.thamindu.realtimeticketing.model.TicketPool - Ticket removed: Vendor-Vendor-9-Ticket-70
2024-12-12 02:30:13 [pool-2-thread-4] INFO  org.thamindu.realtimeticketing.model.TicketPool - Ticket added: Vendor-Vendor-4-Ticket-75 (Total added: 76)
2024-12-12 02:30:13 [pool-2-thread-6] INFO  org.thamindu.realtimeticketing.model.TicketPool - Ticket added: Vendor-Vendor-6-Ticket-76 (Total added: 77)
2024-12-12 02:30:13 [pool-2-thread-10] INFO  org.thamindu.realtimeticketing.model.TicketPool - Ticket added: Vendor-Vendor-10-Ticket-77 (Total added: 78)
2024-12-12 02:30:13 [pool-2-thread-7] INFO  org.thamindu.realtimeticketing.model.TicketPool - Ticket added: Vendor-Vendor-7-Ticket-78 (Total added: 79)
2024-12-12 02:30:13 [pool-2-thread-17] INFO  org.thamindu.realtimeticketing.model.Customer - Customer Customer-7 retrieved ticket: Vendor-Vendor-3-Ticket-63
2024-12-12 02:30:13 [pool-2-thread-11] INFO  org.thamindu.realtimeticketing.model.Customer - Customer Customer-1 retrieved ticket: Vendor-Vendor-5-Ticket-61
2024-12-12 02:30:13 [pool-2-thread-17] INFO  org.thamindu.realtimeticketing.model.TicketPool - Ticket removed: Vendor-Vendor-5-Ticket-71
2024-12-12 02:30:13 [pool-2-thread-13] INFO  org.thamindu.realtimeticketing.model.Customer - Customer Customer-3 retrieved ticket: Vendor-Vendor-1-Ticket-62
2024-12-12 02:30:13 [pool-2-thread-11] INFO  org.thamindu.realtimeticketing.model.TicketPool - Ticket removed: Vendor-Vendor-1-Ticket-72
2024-12-12 02:30:13 [pool-2-thread-13] INFO  org.thamindu.realtimeticketing.model.TicketPool - Ticket removed: Vendor-Vendor-3-Ticket-73
2024-12-12 02:30:13 [pool-2-thread-8] INFO  org.thamindu.realtimeticketing.model.TicketPool - Ticket added: Vendor-Vendor-8-Ticket-79 (Total added: 80)
2024-12-12 02:30:13 [pool-2-thread-16] INFO  org.thamindu.realtimeticketing.model.Customer - Customer Customer-6 retrieved ticket: Vendor-Vendor-2-Ticket-64
2024-12-12 02:30:13 [pool-2-thread-16] INFO  org.thamindu.realtimeticketing.model.TicketPool - Ticket removed: Vendor-Vendor-2-Ticket-74
2024-12-12 02:30:13 [pool-2-thread-20] INFO  org.thamindu.realtimeticketing.model.Customer - Customer Customer-10 retrieved ticket: Vendor-Vendor-4-Ticket-65
2024-12-12 02:30:13 [pool-2-thread-20] INFO  org.thamindu.realtimeticketing.model.TicketPool - Ticket removed: Vendor-Vendor-4-Ticket-75
2024-12-12 02:30:13 [pool-2-thread-15] INFO  org.thamindu.realtimeticketing.model.Customer - Customer Customer-5 retrieved ticket: Vendor-Vendor-7-Ticket-67
2024-12-12 02:30:13 [pool-2-thread-15] INFO  org.thamindu.realtimeticketing.model.TicketPool - Ticket removed: Vendor-Vendor-6-Ticket-76
2024-12-12 02:30:13 [pool-2-thread-19] INFO  org.thamindu.realtimeticketing.model.Customer - Customer Customer-9 retrieved ticket: Vendor-Vendor-6-Ticket-66
2024-12-12 02:30:13 [pool-2-thread-19] INFO  org.thamindu.realtimeticketing.model.TicketPool - Ticket removed: Vendor-Vendor-10-Ticket-77
2024-12-12 02:30:13 [pool-2-thread-18] INFO  org.thamindu.realtimeticketing.model.Customer - Customer Customer-8 retrieved ticket: Vendor-Vendor-8-Ticket-68
2024-12-12 02:30:13 [pool-2-thread-18] INFO  org.thamindu.realtimeticketing.model.TicketPool - Ticket removed: Vendor-Vendor-7-Ticket-78
2024-12-12 02:30:13 [pool-2-thread-14] INFO  org.thamindu.realtimeticketing.model.Customer - Customer Customer-4 retrieved ticket: Vendor-Vendor-10-Ticket-69
2024-12-12 02:30:13 [pool-2-thread-14] INFO  org.thamindu.realtimeticketing.model.TicketPool - Ticket removed: Vendor-Vendor-8-Ticket-79
2024-12-12 02:30:14 [pool-2-thread-5] INFO  org.thamindu.realtimeticketing.model.TicketPool - Ticket added: Vendor-Vendor-5-Ticket-80 (Total added: 81)
2024-12-12 02:30:14 [pool-2-thread-9] INFO  org.thamindu.realtimeticketing.model.TicketPool - Ticket added: Vendor-Vendor-9-Ticket-81 (Total added: 82)
2024-12-12 02:30:14 [pool-2-thread-1] INFO  org.thamindu.realtimeticketing.model.TicketPool - Ticket added: Vendor-Vendor-1-Ticket-82 (Total added: 83)
2024-12-12 02:30:14 [pool-2-thread-3] INFO  org.thamindu.realtimeticketing.model.TicketPool - Ticket added: Vendor-Vendor-3-Ticket-83 (Total added: 84)
2024-12-12 02:30:14 [pool-2-thread-12] INFO  org.thamindu.realtimeticketing.model.Customer - Customer Customer-2 retrieved ticket: Vendor-Vendor-9-Ticket-70
2024-12-12 02:30:14 [pool-2-thread-2] INFO  org.thamindu.realtimeticketing.model.TicketPool - Ticket added: Vendor-Vendor-2-Ticket-84 (Total added: 85)
2024-12-12 02:30:14 [pool-2-thread-4] INFO  org.thamindu.realtimeticketing.model.TicketPool - Ticket added: Vendor-Vendor-4-Ticket-85 (Total added: 86)
2024-12-12 02:30:14 [pool-2-thread-12] INFO  org.thamindu.realtimeticketing.model.TicketPool - Ticket removed: Vendor-Vendor-5-Ticket-80
2024-12-12 02:30:14 [pool-2-thread-6] INFO  org.thamindu.realtimeticketing.model.TicketPool - Ticket added: Vendor-Vendor-6-Ticket-86 (Total added: 87)
2024-12-12 02:30:14 [pool-2-thread-7] INFO  org.thamindu.realtimeticketing.model.TicketPool - Ticket added: Vendor-Vendor-7-Ticket-87 (Total added: 88)
2024-12-12 02:30:14 [pool-2-thread-10] INFO  org.thamindu.realtimeticketing.model.TicketPool - Ticket added: Vendor-Vendor-10-Ticket-88 (Total added: 89)
2024-12-12 02:30:14 [pool-2-thread-18] INFO  org.thamindu.realtimeticketing.model.Customer - Customer Customer-8 retrieved ticket: Vendor-Vendor-7-Ticket-78
2024-12-12 02:30:14 [pool-2-thread-13] INFO  org.thamindu.realtimeticketing.model.Customer - Customer Customer-3 retrieved ticket: Vendor-Vendor-3-Ticket-73
2024-12-12 02:30:14 [pool-2-thread-8] INFO  org.thamindu.realtimeticketing.model.TicketPool - Ticket added: Vendor-Vendor-8-Ticket-89 (Total added: 90)
2024-12-12 02:30:14 [pool-2-thread-13] INFO  org.thamindu.realtimeticketing.model.TicketPool - Ticket removed: Vendor-Vendor-9-Ticket-81
2024-12-12 02:30:14 [pool-2-thread-18] INFO  org.thamindu.realtimeticketing.model.TicketPool - Ticket removed: Vendor-Vendor-1-Ticket-82
2024-12-12 02:30:14 [pool-2-thread-17] INFO  org.thamindu.realtimeticketing.model.Customer - Customer Customer-7 retrieved ticket: Vendor-Vendor-5-Ticket-71
2024-12-12 02:30:14 [pool-2-thread-17] INFO  org.thamindu.realtimeticketing.model.TicketPool - Ticket removed: Vendor-Vendor-3-Ticket-83
2024-12-12 02:30:14 [pool-2-thread-11] INFO  org.thamindu.realtimeticketing.model.Customer - Customer Customer-1 retrieved ticket: Vendor-Vendor-1-Ticket-72
2024-12-12 02:30:14 [pool-2-thread-14] INFO  org.thamindu.realtimeticketing.model.Customer - Customer Customer-4 retrieved ticket: Vendor-Vendor-8-Ticket-79
2024-12-12 02:30:14 [pool-2-thread-11] INFO  org.thamindu.realtimeticketing.model.TicketPool - Ticket removed: Vendor-Vendor-2-Ticket-84
2024-12-12 02:30:14 [pool-2-thread-14] INFO  org.thamindu.realtimeticketing.model.TicketPool - Ticket removed: Vendor-Vendor-4-Ticket-85
2024-12-12 02:30:14 [pool-2-thread-19] INFO  org.thamindu.realtimeticketing.model.Customer - Customer Customer-9 retrieved ticket: Vendor-Vendor-10-Ticket-77
2024-12-12 02:30:14 [pool-2-thread-15] INFO  org.thamindu.realtimeticketing.model.Customer - Customer Customer-5 retrieved ticket: Vendor-Vendor-6-Ticket-76
2024-12-12 02:30:14 [pool-2-thread-20] INFO  org.thamindu.realtimeticketing.model.Customer - Customer Customer-10 retrieved ticket: Vendor-Vendor-4-Ticket-75
2024-12-12 02:30:14 [pool-2-thread-19] INFO  org.thamindu.realtimeticketing.model.TicketPool - Ticket removed: Vendor-Vendor-6-Ticket-86
2024-12-12 02:30:14 [pool-2-thread-16] INFO  org.thamindu.realtimeticketing.model.Customer - Customer Customer-6 retrieved ticket: Vendor-Vendor-2-Ticket-74
2024-12-12 02:30:14 [pool-2-thread-20] INFO  org.thamindu.realtimeticketing.model.TicketPool - Ticket removed: Vendor-Vendor-7-Ticket-87
2024-12-12 02:30:14 [pool-2-thread-15] INFO  org.thamindu.realtimeticketing.model.TicketPool - Ticket removed: Vendor-Vendor-10-Ticket-88
2024-12-12 02:30:14 [pool-2-thread-16] INFO  org.thamindu.realtimeticketing.model.TicketPool - Ticket removed: Vendor-Vendor-8-Ticket-89
2024-12-12 02:30:15 [pool-2-thread-5] INFO  org.thamindu.realtimeticketing.model.TicketPool - Ticket added: Vendor-Vendor-5-Ticket-90 (Total added: 91)
2024-12-12 02:30:15 [pool-2-thread-9] INFO  org.thamindu.realtimeticketing.model.TicketPool - Ticket added: Vendor-Vendor-9-Ticket-91 (Total added: 92)
2024-12-12 02:30:15 [pool-2-thread-1] INFO  org.thamindu.realtimeticketing.model.TicketPool - Ticket added: Vendor-Vendor-1-Ticket-92 (Total added: 93)
2024-12-12 02:30:15 [pool-2-thread-2] INFO  org.thamindu.realtimeticketing.model.TicketPool - Ticket added: Vendor-Vendor-2-Ticket-93 (Total added: 94)
2024-12-12 02:30:15 [pool-2-thread-4] INFO  org.thamindu.realtimeticketing.model.TicketPool - Ticket added: Vendor-Vendor-4-Ticket-94 (Total added: 95)
2024-12-12 02:30:15 [pool-2-thread-3] INFO  org.thamindu.realtimeticketing.model.TicketPool - Ticket added: Vendor-Vendor-3-Ticket-95 (Total added: 96)
2024-12-12 02:30:15 [pool-2-thread-6] INFO  org.thamindu.realtimeticketing.model.TicketPool - Ticket added: Vendor-Vendor-6-Ticket-96 (Total added: 97)
2024-12-12 02:30:15 [pool-2-thread-12] INFO  org.thamindu.realtimeticketing.model.Customer - Customer Customer-2 retrieved ticket: Vendor-Vendor-5-Ticket-80
2024-12-12 02:30:15 [pool-2-thread-12] INFO  org.thamindu.realtimeticketing.model.TicketPool - Ticket removed: Vendor-Vendor-5-Ticket-90
2024-12-12 02:30:15 [pool-2-thread-7] INFO  org.thamindu.realtimeticketing.model.TicketPool - Ticket added: Vendor-Vendor-7-Ticket-97 (Total added: 98)
2024-12-12 02:30:15 [pool-2-thread-10] INFO  org.thamindu.realtimeticketing.model.TicketPool - Ticket added: Vendor-Vendor-10-Ticket-98 (Total added: 99)
2024-12-12 02:30:15 [pool-2-thread-18] INFO  org.thamindu.realtimeticketing.model.Customer - Customer Customer-8 retrieved ticket: Vendor-Vendor-1-Ticket-82
2024-12-12 02:30:15 [pool-2-thread-18] INFO  org.thamindu.realtimeticketing.model.TicketPool - Ticket removed: Vendor-Vendor-9-Ticket-91
2024-12-12 02:30:15 [pool-2-thread-19] INFO  org.thamindu.realtimeticketing.model.Customer - Customer Customer-9 retrieved ticket: Vendor-Vendor-6-Ticket-86
2024-12-12 02:30:15 [pool-2-thread-8] INFO  org.thamindu.realtimeticketing.model.TicketPool - Ticket added: Vendor-Vendor-8-Ticket-99 (Total added: 100)
2024-12-12 02:30:15 [pool-2-thread-19] INFO  org.thamindu.realtimeticketing.model.TicketPool - Ticket removed: Vendor-Vendor-1-Ticket-92
2024-12-12 02:30:15 [pool-2-thread-13] INFO  org.thamindu.realtimeticketing.model.Customer - Customer Customer-3 retrieved ticket: Vendor-Vendor-9-Ticket-81
2024-12-12 02:30:15 [pool-2-thread-14] INFO  org.thamindu.realtimeticketing.model.Customer - Customer Customer-4 retrieved ticket: Vendor-Vendor-4-Ticket-85
2024-12-12 02:30:15 [pool-2-thread-13] INFO  org.thamindu.realtimeticketing.model.TicketPool - Ticket removed: Vendor-Vendor-2-Ticket-93
2024-12-12 02:30:15 [pool-2-thread-11] INFO  org.thamindu.realtimeticketing.model.Customer - Customer Customer-1 retrieved ticket: Vendor-Vendor-2-Ticket-84
2024-12-12 02:30:15 [pool-2-thread-14] INFO  org.thamindu.realtimeticketing.model.TicketPool - Ticket removed: Vendor-Vendor-4-Ticket-94
2024-12-12 02:30:15 [pool-2-thread-15] INFO  org.thamindu.realtimeticketing.model.Customer - Customer Customer-5 retrieved ticket: Vendor-Vendor-10-Ticket-88
2024-12-12 02:30:15 [pool-2-thread-16] INFO  org.thamindu.realtimeticketing.model.Customer - Customer Customer-6 retrieved ticket: Vendor-Vendor-8-Ticket-89
2024-12-12 02:30:15 [pool-2-thread-15] INFO  org.thamindu.realtimeticketing.model.TicketPool - Ticket removed: Vendor-Vendor-3-Ticket-95
2024-12-12 02:30:15 [pool-2-thread-17] INFO  org.thamindu.realtimeticketing.model.Customer - Customer Customer-7 retrieved ticket: Vendor-Vendor-3-Ticket-83
2024-12-12 02:30:15 [pool-2-thread-11] INFO  org.thamindu.realtimeticketing.model.TicketPool - Ticket removed: Vendor-Vendor-6-Ticket-96
2024-12-12 02:30:15 [pool-2-thread-17] INFO  org.thamindu.realtimeticketing.model.TicketPool - Ticket removed: Vendor-Vendor-7-Ticket-97
2024-12-12 02:30:15 [pool-2-thread-16] INFO  org.thamindu.realtimeticketing.model.TicketPool - Ticket removed: Vendor-Vendor-10-Ticket-98
2024-12-12 02:30:15 [pool-2-thread-20] INFO  org.thamindu.realtimeticketing.model.Customer - Customer Customer-10 retrieved ticket: Vendor-Vendor-7-Ticket-87
2024-12-12 02:30:15 [pool-2-thread-20] INFO  org.thamindu.realtimeticketing.model.TicketPool - Ticket removed: Vendor-Vendor-8-Ticket-99
2024-12-12 02:30:16 [pool-2-thread-12] INFO  org.thamindu.realtimeticketing.model.Customer - Customer Customer-2 retrieved ticket: Vendor-Vendor-5-Ticket-90
2024-12-12 02:30:16 [pool-2-thread-18] INFO  org.thamindu.realtimeticketing.model.Customer - Customer Customer-8 retrieved ticket: Vendor-Vendor-9-Ticket-91
2024-12-12 02:30:16 [pool-2-thread-15] INFO  org.thamindu.realtimeticketing.model.Customer - Customer Customer-5 retrieved ticket: Vendor-Vendor-3-Ticket-95
2024-12-12 02:30:16 [pool-2-thread-13] INFO  org.thamindu.realtimeticketing.model.Customer - Customer Customer-3 retrieved ticket: Vendor-Vendor-2-Ticket-93
2024-12-12 02:30:16 [pool-2-thread-14] INFO  org.thamindu.realtimeticketing.model.Customer - Customer Customer-4 retrieved ticket: Vendor-Vendor-4-Ticket-94
2024-12-12 02:30:16 [pool-2-thread-19] INFO  org.thamindu.realtimeticketing.model.Customer - Customer Customer-9 retrieved ticket: Vendor-Vendor-1-Ticket-92
2024-12-12 02:30:16 [pool-2-thread-17] INFO  org.thamindu.realtimeticketing.model.Customer - Customer Customer-7 retrieved ticket: Vendor-Vendor-7-Ticket-97
2024-12-12 02:30:16 [pool-2-thread-11] INFO  org.thamindu.realtimeticketing.model.Customer - Customer Customer-1 retrieved ticket: Vendor-Vendor-6-Ticket-96
2024-12-12 02:30:16 [pool-2-thread-16] INFO  org.thamindu.realtimeticketing.model.Customer - Customer Customer-6 retrieved ticket: Vendor-Vendor-10-Ticket-98
2024-12-12 02:30:16 [pool-2-thread-20] INFO  org.thamindu.realtimeticketing.model.Customer - Customer Customer-10 retrieved ticket: Vendor-Vendor-8-Ticket-99
2024-12-12 02:30:17 [pool-2-thread-12] INFO  org.thamindu.realtimeticketing.model.Customer - Customer Customer-2 stopped.
2024-12-12 02:30:17 [pool-2-thread-12] INFO  org.thamindu.realtimeticketing.model.TicketPool - Ticket pool is empty. Waiting...
2024-12-12 02:30:17 [pool-2-thread-18] INFO  org.thamindu.realtimeticketing.model.Customer - Customer Customer-8 stopped.
2024-12-12 02:30:17 [pool-2-thread-18] INFO  org.thamindu.realtimeticketing.model.TicketPool - Ticket pool is empty. Waiting...
2024-12-12 02:30:17 [pool-2-thread-15] INFO  org.thamindu.realtimeticketing.model.Customer - Customer Customer-5 stopped.
2024-12-12 02:30:17 [pool-2-thread-15] INFO  org.thamindu.realtimeticketing.model.TicketPool - Ticket pool is empty. Waiting...
2024-12-12 02:30:17 [pool-2-thread-19] INFO  org.thamindu.realtimeticketing.model.Customer - Customer Customer-9 stopped.
2024-12-12 02:30:17 [pool-2-thread-13] INFO  org.thamindu.realtimeticketing.model.Customer - Customer Customer-3 stopped.
2024-12-12 02:30:17 [pool-2-thread-14] INFO  org.thamindu.realtimeticketing.model.Customer - Customer Customer-4 stopped.
2024-12-12 02:30:17 [pool-2-thread-19] INFO  org.thamindu.realtimeticketing.model.TicketPool - Ticket pool is empty. Waiting...
2024-12-12 02:30:17 [pool-2-thread-14] INFO  org.thamindu.realtimeticketing.model.TicketPool - Ticket pool is empty. Waiting...
2024-12-12 02:30:17 [pool-2-thread-13] INFO  org.thamindu.realtimeticketing.model.TicketPool - Ticket pool is empty. Waiting...
2024-12-12 02:30:17 [pool-2-thread-11] INFO  org.thamindu.realtimeticketing.model.Customer - Customer Customer-1 stopped.
2024-12-12 02:30:17 [pool-2-thread-20] INFO  org.thamindu.realtimeticketing.model.Customer - Customer Customer-10 stopped.
2024-12-12 02:30:17 [pool-2-thread-16] INFO  org.thamindu.realtimeticketing.model.Customer - Customer Customer-6 stopped.
2024-12-12 02:30:17 [pool-2-thread-17] INFO  org.thamindu.realtimeticketing.model.Customer - Customer Customer-7 stopped.
2024-12-12 02:30:17 [pool-2-thread-11] INFO  org.thamindu.realtimeticketing.model.TicketPool - Ticket pool is empty. Waiting...
2024-12-12 02:30:17 [pool-2-thread-17] INFO  org.thamindu.realtimeticketing.model.TicketPool - Ticket pool is empty. Waiting...
2024-12-12 02:30:17 [pool-2-thread-16] INFO  org.thamindu.realtimeticketing.model.TicketPool - Ticket pool is empty. Waiting...
2024-12-12 02:30:17 [pool-2-thread-20] INFO  org.thamindu.realtimeticketing.model.TicketPool - Ticket pool is empty. Waiting...
2024-12-12 02:30:53 [pool-2-thread-10] INFO  org.thamindu.realtimeticketing.model.Vendor - Vendor Vendor-10 stopped.
2024-12-12 02:30:53 [pool-2-thread-2] INFO  org.thamindu.realtimeticketing.model.Vendor - Vendor Vendor-2 stopped.
2024-12-12 02:30:53 [pool-2-thread-5] INFO  org.thamindu.realtimeticketing.model.Vendor - Vendor Vendor-5 stopped.
2024-12-12 02:30:53 [pool-2-thread-7] INFO  org.thamindu.realtimeticketing.model.Vendor - Vendor Vendor-7 stopped.
2024-12-12 02:30:53 [pool-2-thread-6] INFO  org.thamindu.realtimeticketing.model.Vendor - Vendor Vendor-6 stopped.
2024-12-12 02:30:53 [pool-2-thread-8] INFO  org.thamindu.realtimeticketing.model.Vendor - Vendor Vendor-8 stopped.
2024-12-12 02:30:53 [pool-2-thread-3] INFO  org.thamindu.realtimeticketing.model.Vendor - Vendor Vendor-3 stopped.
2024-12-12 02:30:53 [pool-2-thread-1] INFO  org.thamindu.realtimeticketing.model.Vendor - Vendor Vendor-1 stopped.
2024-12-12 02:30:53 [pool-2-thread-4] INFO  org.thamindu.realtimeticketing.model.Vendor - Vendor Vendor-4 stopped.
2024-12-12 02:30:53 [pool-2-thread-9] INFO  org.thamindu.realtimeticketing.model.Vendor - Vendor Vendor-9 stopped.
2024-12-12 02:30:53 [http-nio-8080-exec-2] INFO  org.thamindu.realtimeticketing.service.SimulationService - Simulation stopped.
2024-12-12 02:34:06 [SpringApplicationShutdownHook] INFO  org.quartz.core.QuartzScheduler - Scheduler quartzScheduler_$_NON_CLUSTERED paused.
2024-12-12 02:34:06 [SpringApplicationShutdownHook] INFO  org.springframework.boot.web.embedded.tomcat.GracefulShutdown - Commencing graceful shutdown. Waiting for active requests to complete
2024-12-12 02:34:06 [tomcat-shutdown] INFO  org.springframework.boot.web.embedded.tomcat.GracefulShutdown - Graceful shutdown complete
2024-12-12 02:34:06 [SpringApplicationShutdownHook] INFO  org.springframework.messaging.simp.broker.SimpleBrokerMessageHandler - Stopping...
2024-12-12 02:34:06 [SpringApplicationShutdownHook] INFO  org.springframework.messaging.simp.broker.SimpleBrokerMessageHandler - BrokerAvailabilityEvent[available=false, SimpleBrokerMessageHandler [org.springframework.messaging.simp.broker.DefaultSubscriptionRegistry@11b1b74f]]
2024-12-12 02:34:06 [SpringApplicationShutdownHook] INFO  org.springframework.messaging.simp.broker.SimpleBrokerMessageHandler - Stopped.
2024-12-12 02:34:06 [SpringApplicationShutdownHook] INFO  org.springframework.scheduling.quartz.SchedulerFactoryBean - Shutting down Quartz Scheduler
2024-12-12 02:34:06 [SpringApplicationShutdownHook] INFO  org.quartz.core.QuartzScheduler - Scheduler quartzScheduler_$_NON_CLUSTERED shutting down.
2024-12-12 02:34:06 [SpringApplicationShutdownHook] INFO  org.quartz.core.QuartzScheduler - Scheduler quartzScheduler_$_NON_CLUSTERED paused.
2024-12-12 02:34:06 [SpringApplicationShutdownHook] INFO  org.quartz.core.QuartzScheduler - Scheduler quartzScheduler_$_NON_CLUSTERED shutdown complete.
